<?xml version="1.0" encoding="UTF-8"?>
<!-- Generated by org.testng.reporters.JUnitXMLReporter -->
<testsuite hostname="AMr" ignored="0" tests="36" failures="0" timestamp="10 مار 2017 15:56:08 GMT" time="0.601" errors="0">
  <testcase name="Login" time="0.013" classname="AccountControllerTest"/>
  <testcase name="Login" time="0.002" classname="AccountControllerTest"/>
  <testcase name="Login" time="0.007" classname="AccountControllerTest"/>
  <testcase name="Login" time="0.008" classname="AccountControllerTest"/>
  <testcase name="Login" time="0.005" classname="AccountControllerTest"/>
  <testcase name="Login" time="0.011" classname="AccountControllerTest"/>
  <testcase name="Login" time="0.005" classname="AccountControllerTest"/>
  <testcase name="Login" time="0.005" classname="AccountControllerTest"/>
  <testcase name="Login" time="0.006" classname="AccountControllerTest"/>
  <testcase name="Login" time="0.056" classname="AccountControllerTest"/>
  <testcase name="Login" time="0.002" classname="AccountControllerTest"/>
  <testcase name="Login" time="0.003" classname="AccountControllerTest"/>
  <testcase name="Login" time="0.002" classname="AccountControllerTest"/>
  <testcase name="Login" time="0.006" classname="AccountControllerTest"/>
  <testcase name="Login" time="0.002" classname="AccountControllerTest"/>
  <testcase name="Login" time="0.003" classname="AccountControllerTest"/>
  <testcase name="Login" time="0.005" classname="AccountControllerTest"/>
  <testcase name="Login" time="0.002" classname="AccountControllerTest"/>
  <testcase name="Login" time="0.01" classname="AccountControllerTest"/>
  <testcase name="Login" time="0.004" classname="AccountControllerTest"/>
  <testcase name="Login" time="0.002" classname="AccountControllerTest"/>
  <testcase name="Login" time="0.002" classname="AccountControllerTest"/>
  <testcase name="Login" time="0.003" classname="AccountControllerTest"/>
  <testcase name="Login" time="0.002" classname="AccountControllerTest"/>
  <testcase name="Login" time="0.01" classname="AccountControllerTest"/>
  <testcase name="Login" time="0.002" classname="AccountControllerTest"/>
  <testcase name="Login" time="0.002" classname="AccountControllerTest"/>
  <testcase name="Login" time="0.002" classname="AccountControllerTest"/>
  <testcase name="Login" time="0.002" classname="AccountControllerTest"/>
  <testcase name="Login" time="0.003" classname="AccountControllerTest"/>
  <testcase name="Login" time="0.002" classname="AccountControllerTest"/>
  <testcase name="Login" time="0.007" classname="AccountControllerTest"/>
  <testcase name="Login" time="0.018" classname="AccountControllerTest"/>
  <testcase name="Login" time="0.054" classname="AccountControllerTest"/>
  <testcase name="Login" time="0.006" classname="AccountControllerTest"/>
  <testcase name="Login" time="0.005" classname="AccountControllerTest"/>
</testsuite>
